<?xml version="1.0" encoding="UTF-8"?>
<!-- Generated by org.testng.reporters.JUnitXMLReporter -->
<testsuite ignored="1" hostname="LENOVO" failures="2" tests="15" name="Test" time="55.673" errors="0" timestamp="2023-12-21T09:55:18 IST">
  <testcase classname="testNGLearning.Yahoo" name="launchRediff" time="23.004"/>
  <testcase classname="testNGLearning.Yahoo" name="loginRediff" time="0.025">
    <failure type="java.lang.AssertionError" message="The following asserts failed:
	expected [Yahoo123] but found [Yahoo]">
      <![CDATA[java.lang.AssertionError: The following asserts failed:
expected [Yahoo123] but found [Yahoo]
at testNGLearning.Yahoo.loginRediff(Yahoo.java:38)
at java.base/java.util.ArrayList.forEach(ArrayList.java:1511)
... Removed 29 stack frames]]>
    </failure>
  </testcase> <!-- loginRediff -->
  <testcase classname="testNGLearning.Yahoo" name="closeRediff" time="0.567"/>
  <testcase classname="testNGLearning.ReadFrmWebTbl" name="readFrmWebTable" time="20.361"/>
  <testcase classname="testNGLearning.DP_Exp" name="dispData" time="0.001"/>
  <testcase classname="testNGLearning.DP_Exp" name="dispData" time="0.002"/>
  <testcase classname="testNGLearning.DP_Exp" name="dispData" time="0.004"/>
  <testcase classname="testNGLearning.ThruExcel" name="loginYahoo" time="0.002"/>
  <testcase classname="testNGLearning.ThruExcel" name="loginYahoo" time="0.001"/>
  <testcase classname="testNGLearning.ThruExcel" name="loginYahoo" time="0.001"/>
  <testcase classname="testNGLearning.ThruExcel" name="loginYahoo" time="0.001"/>
  <testcase classname="testNGLearning.ThruTextFile" name="readFrmTxtFile" time="0.014"/>
  <testcase classname="testNGLearning.CompareWebTblData" name="readFrmTable" time="9.811"/>
  <testcase classname="testNGLearning.CompareWebTblData" name="readFrmTxtFile" time="0.001"/>
  <testcase classname="testNGLearning.CompareWebTblData" name="compareData" time="0.003">
    <failure type="java.lang.AssertionError" message="The following asserts failed:
	expected [This is my First Line] but found [Alfreds Futterkiste]">
      <![CDATA[java.lang.AssertionError: The following asserts failed:
expected [This is my First Line] but found [Alfreds Futterkiste]
at testNGLearning.CompareWebTblData.compareData(CompareWebTblData.java:71)
at java.base/java.util.ArrayList.forEach(ArrayList.java:1511)
... Removed 29 stack frames]]>
    </failure>
  </testcase> <!-- compareData -->
  <testcase classname="testNGLearning.Yahoo" name="loginRediff1" time="0.0">
    <ignored/>
  </testcase> <!-- loginRediff1 -->
</testsuite> <!-- Test -->
